[1844301021F1980F00] [1.3] [0.636] [ColorCamera(0)] [warning] Unsupported resolution set for detected camera OV9782, needs 800_P or 720_P. Defaulting to 800_P
[1844301021F1980F00] [1.3] [0.552] [ColorCamera(0)] [warning] Unsupported resolution set for detected camera OV9782, needs 800_P or 720_P. Defaulting to 800_P
Traceback (most recent call last):
  File "C:\Users\ruben\VIAD\viadOptics\app\camera.py", line 280, in <module>
    if cv2.waitKey(1) == ord('q'):
KeyboardInterrupt

During handling of the above exception, another exception occurred:

Traceback (most recent call last):
  File "C:\Users\ruben\VIAD\viadOptics\app\camera.py", line 282, in <module>
    break
KeyboardInterrupt
